<?xml version="1.0" encoding="UTF-8"?>
<!-- Generated by org.testng.reporters.JUnitXMLReporter -->
<testsuite ignored="0" hostname="RomanEmpire" failures="3" tests="5" name="sanity" time="46.173" errors="0" timestamp="2024-07-15T18:59:26 IST">
  <testcase classname="Scernario1.loginpage" name="Execution" time="10.052"/>
  <testcase classname="Scernario1.loginpage" name="Execution" time="8.285"/>
  <testcase classname="Scernario1.loginpage" name="Execution" time="8.773">
    <failure type="java.lang.AssertionError" message="login failed expected [true] but found [false]">
      <![CDATA[java.lang.AssertionError: login failed expected [true] but found [false]
at Scernario1.loginpage.Execution(loginpage.java:50)
at java.base/java.util.ArrayList.forEach(ArrayList.java:1511)
... Removed 30 stack frames]]>
    </failure>
  </testcase> <!-- Execution -->
  <testcase classname="Scernario1.loginpage" name="Execution" time="8.28">
    <failure type="java.lang.AssertionError" message="login failed expected [true] but found [false]">
      <![CDATA[java.lang.AssertionError: login failed expected [true] but found [false]
at Scernario1.loginpage.Execution(loginpage.java:50)
at java.base/java.util.ArrayList.forEach(ArrayList.java:1511)
... Removed 30 stack frames]]>
    </failure>
  </testcase> <!-- Execution -->
  <testcase classname="Scernario1.loginpage" name="Execution" time="10.277">
    <failure type="java.lang.AssertionError" message="login failed expected [true] but found [false]">
      <![CDATA[java.lang.AssertionError: login failed expected [true] but found [false]
at Scernario1.loginpage.Execution(loginpage.java:50)
at java.base/java.util.ArrayList.forEach(ArrayList.java:1511)
... Removed 30 stack frames]]>
    </failure>
  </testcase> <!-- Execution -->
</testsuite> <!-- sanity -->
