<?xml version="1.0" encoding="UTF-8"?>
<!-- Generated by org.testng.reporters.JUnitXMLReporter -->
<testsuite ignored="0" hostname="RomanEmpire" failures="0" tests="11" name="smoke" time="81.788" errors="0" timestamp="2024-05-19T10:52:57 IST">
  <testcase classname="practicewebsite.radio" name="radiotest" time="10.702"/>
  <testcase classname="practicewebsite.text" name="texttest" time="6.356"/>
  <testcase classname="practicewebsite.Dropdown" name="dropdowntest" time="6.488"/>
  <testcase classname="practicewebsite.multiselect" name="multiselecttest" time="11.965"/>
  <testcase classname="practicewebsite.newWindow" name="newtabtest" time="6.082"/>
  <testcase classname="practicewebsite.newTab" name="newtabtest" time="6.058"/>
  <testcase classname="practicewebsite.Alert" name="Alerttest" time="10.277"/>
  <testcase classname="practicewebsite.table" name="tabletest" time="2.811"/>
  <testcase classname="practicewebsite.hideShow" name="hideShowtest" time="3.081"/>
  <testcase classname="practicewebsite.mouseHover" name="mouseHovertest" time="10.71"/>
  <testcase classname="practicewebsite.iframes" name="iframestest" time="7.207"/>
</testsuite> <!-- smoke -->
