<?xml version="1.0" encoding="UTF-8"?>
<testng-results ignored="0" total="1" passed="1" failed="0" skipped="0">
  <reporter-output>
  </reporter-output>
  <suite started-at="2024-08-03T14:54:44 IST" name="Default suite" finished-at="2024-08-03T14:55:22 IST" duration-ms="37872">
    <groups>
    </groups>
    <test started-at="2024-08-03T14:54:44 IST" name="Default test" finished-at="2024-08-03T14:55:22 IST" duration-ms="37872">
      <class name="Scernario1.test">
        <test-method signature="y()[pri:0, instance:Scernario1.test@1e6a3214]" started-at="2024-08-03T14:54:44 IST" name="y" finished-at="2024-08-03T14:55:22 IST" duration-ms="37838" status="PASS">
          <reporter-output>
          </reporter-output>
        </test-method> <!-- y -->
      </class> <!-- Scernario1.test -->
    </test> <!-- Default test -->
  </suite> <!-- Default suite -->
</testng-results>
